2025-04-20 21:11:13,749 - cupcake.workflow - INFO - Inizializzazione elaborazione per: F:\RAW\219_FUJI
2025-04-20 21:11:13,750 - cupcake.workflow - INFO - Uso memoria all'avvio: 42.0 MB
2025-04-20 21:11:13,868 - cupcake.workflow - INFO - Trovate 614 immagini in F:\RAW\219_FUJI
2025-04-20 21:11:13,911 - cupcake.workflow - DEBUG - Memoria prima del batch 1: 42.4 MB
2025-04-20 21:11:20,529 - cupcake.analysis - INFO - Downsampling immagine da (4170, 6246, 3) a (1669, 2500, 3)
2025-04-20 21:11:30,468 - cupcake.analysis - INFO - Downsampling immagine da (4170, 6246, 3) a (1669, 2500, 3)
2025-04-20 21:11:38,722 - cupcake.analysis - INFO - Downsampling immagine da (4170, 6246, 3) a (1669, 2500, 3)
2025-04-20 21:11:46,508 - cupcake.analysis - INFO - Downsampling immagine da (4170, 6246, 3) a (1669, 2500, 3)
2025-04-20 21:11:53,964 - cupcake.analysis - INFO - Downsampling immagine da (4170, 6246, 3) a (1669, 2500, 3)
2025-04-20 21:12:02,149 - cupcake.analysis - INFO - Downsampling immagine da (4170, 6246, 3) a (1669, 2500, 3)
2025-04-20 21:12:10,232 - cupcake.analysis - INFO - Downsampling immagine da (4170, 6246, 3) a (1669, 2500, 3)
2025-04-20 21:12:18,222 - cupcake.analysis - INFO - Downsampling immagine da (4170, 6246, 3) a (1669, 2500, 3)
2025-04-20 21:12:25,841 - cupcake.analysis - INFO - Downsampling immagine da (4170, 6246, 3) a (1669, 2500, 3)
2025-04-20 21:12:33,367 - cupcake.analysis - INFO - Downsampling immagine da (4170, 6246, 3) a (1669, 2500, 3)
2025-04-20 21:12:36,180 - cupcake.workflow - DEBUG - Memoria prima del batch 2: 1068.2 MB
2025-04-20 21:12:41,504 - cupcake.analysis - INFO - Downsampling immagine da (4170, 6246, 3) a (1669, 2500, 3)
2025-04-20 21:12:49,795 - cupcake.analysis - INFO - Downsampling immagine da (4170, 6246, 3) a (1669, 2500, 3)
2025-04-20 21:12:58,235 - cupcake.analysis - INFO - Downsampling immagine da (4170, 6246, 3) a (1669, 2500, 3)
2025-04-20 21:13:07,916 - cupcake.analysis - INFO - Downsampling immagine da (4170, 6246, 3) a (1669, 2500, 3)
2025-04-20 21:13:15,891 - cupcake.analysis - INFO - Downsampling immagine da (4170, 6246, 3) a (1669, 2500, 3)
2025-04-20 21:13:23,317 - cupcake.analysis - INFO - Downsampling immagine da (4170, 6246, 3) a (1669, 2500, 3)
2025-04-20 21:13:31,078 - cupcake.analysis - INFO - Downsampling immagine da (4170, 6246, 3) a (1669, 2500, 3)
2025-04-20 21:13:38,996 - cupcake.analysis - INFO - Downsampling immagine da (4170, 6246, 3) a (1669, 2500, 3)
2025-04-20 21:19:03,009 - cupcake.workflow - INFO - Inizializzazione elaborazione per: F:\RAW\219_FUJI
2025-04-20 21:19:03,093 - cupcake.workflow - INFO - Trovate 614 immagini in F:\RAW\219_FUJI
2025-04-20 21:39:54,206 - cupcake.settings - INFO - Loaded configuration from C:\Users\nonso\.cupcake\settings\config.json
2025-04-20 21:39:54,258 - cupcake.workflow - INFO - Inizializzazione elaborazione per: F:\RAW\TEST
2025-04-20 21:39:54,258 - cupcake.workflow - INFO - Utilizzo GPU: No
2025-04-20 21:39:54,258 - cupcake.workflow - INFO - Memoria iniziale: 42.7 MB
2025-04-20 21:39:54,304 - cupcake.workflow - INFO - Trovate 6 immagini in F:\RAW\TEST
2025-04-20 21:39:54,305 - cupcake.settings - INFO - Saved configuration to C:\Users\nonso\.cupcake\settings\config.json
2025-04-20 21:40:36,469 - cupcake.workflow - INFO - Elaborazione completata:
2025-04-20 21:40:36,469 - cupcake.workflow - INFO -   Totale: 6 immagini
2025-04-20 21:40:36,469 - cupcake.workflow - INFO -   Elaborati: 6 immagini
2025-04-20 21:40:36,480 - cupcake.workflow - INFO -   Selezionati: 6 immagini
2025-04-20 21:40:36,480 - cupcake.workflow - INFO -   Rifiutati: 0 immagini
2025-04-20 21:40:36,480 - cupcake.workflow - INFO -   Errori: 0 immagini
2025-04-20 21:40:36,480 - cupcake.workflow - INFO -   Tempo totale: 42.2 secondi (0.14 img/s)
2025-04-20 21:40:36,481 - cupcake.workflow - INFO -   Memoria finale: 782.1 MB
2025-04-20 21:40:36,481 - cupcake.workflow - INFO - Esportazione in corso verso F:\RAW\testoutput...
2025-04-20 21:41:02,304 - cupcake.workflow - INFO - Esportati 6 file in F:\RAW\testoutput
2025-04-20 21:44:05,961 - cupcake.settings - INFO - Loaded configuration from C:\Users\nonso\.cupcake\settings\config.json
2025-04-20 21:44:06,069 - cupcake.workflow - INFO - Inizializzazione elaborazione per: F:\RAW\TEST
2025-04-20 21:44:06,069 - cupcake.workflow - INFO - Utilizzo GPU: No
2025-04-20 21:44:06,070 - cupcake.workflow - INFO - Memoria iniziale: 42.2 MB
2025-04-20 21:44:06,070 - cupcake.workflow - INFO - Trovate 100 immagini in F:\RAW\TEST
2025-04-20 21:44:06,072 - cupcake.settings - INFO - Saved configuration to C:\Users\nonso\.cupcake\settings\config.json
2025-04-20 21:44:37,411 - cupcake.settings - INFO - Loaded configuration from C:\Users\nonso\.cupcake\settings\config.json
2025-04-20 21:44:37,429 - cupcake.workflow - INFO - Inizializzazione elaborazione per: F:\RAW\TEST
2025-04-20 21:44:37,429 - cupcake.workflow - INFO - Utilizzo GPU: No
2025-04-20 21:44:37,429 - cupcake.workflow - INFO - Memoria iniziale: 42.1 MB
2025-04-20 21:44:37,429 - cupcake.workflow - INFO - Trovate 100 immagini in F:\RAW\TEST
2025-04-20 21:44:37,445 - cupcake.settings - INFO - Saved configuration to C:\Users\nonso\.cupcake\settings\config.json
2025-04-20 21:46:53,823 - cupcake.settings - INFO - Loaded configuration from C:\Users\nonso\.cupcake\settings\config.json
2025-04-20 21:46:53,824 - cupcake.analysis - WARNING - OpenCV senza supporto CUDA. GPU richiesta ma non disponibile.
2025-04-20 21:47:01,602 - cupcake.workflow - INFO - Inizializzazione elaborazione per: F:\RAW\TEST
2025-04-20 21:47:01,602 - cupcake.workflow - INFO - Utilizzo GPU: No
2025-04-20 21:47:01,602 - cupcake.workflow - INFO - Memoria iniziale: 372.2 MB
2025-04-20 21:47:01,603 - cupcake.workflow - INFO - Trovate 100 immagini in F:\RAW\TEST
2025-04-20 21:47:01,603 - cupcake.settings - INFO - Saved configuration to C:\Users\nonso\.cupcake\settings\config.json
